<?xml version="1.0" encoding="UTF-8"?>
<coverage generated="1743440705024" clover="3.2.0">
  <project timestamp="1743440705024" name="All files">
    <metrics statements="23" coveredstatements="23" conditionals="0" coveredconditionals="0" methods="10" coveredmethods="10" elements="33" coveredelements="33" complexity="0" loc="23" ncloc="23" packages="1" files="7" classes="7"/>
    <file name="EmailNotificador.ts" path="/home/regina.leticia/Documentos/GitHub/exercicios-SOLID/src/EmailNotificador.ts">
      <metrics statements="3" coveredstatements="3" conditionals="0" coveredconditionals="0" methods="1" coveredmethods="1"/>
      <line num="4" count="1" type="stmt"/>
      <line num="7" count="1" type="stmt"/>
      <line num="13" count="1" type="stmt"/>
    </file>
    <file name="GerenciadordeTarefas.ts" path="/home/regina.leticia/Documentos/GitHub/exercicios-SOLID/src/GerenciadordeTarefas.ts">
      <metrics statements="4" coveredstatements="4" conditionals="0" coveredconditionals="0" methods="2" coveredmethods="2"/>
      <line num="7" count="1" type="stmt"/>
      <line num="10" count="1" type="stmt"/>
      <line num="11" count="1" type="stmt"/>
      <line num="16" count="1" type="stmt"/>
    </file>
    <file name="Notificador.ts" path="/home/regina.leticia/Documentos/GitHub/exercicios-SOLID/src/Notificador.ts">
      <metrics statements="2" coveredstatements="2" conditionals="0" coveredconditionals="0" methods="1" coveredmethods="1"/>
      <line num="7" count="1" type="stmt"/>
      <line num="12" count="1" type="stmt"/>
    </file>
    <file name="RelatorioSimples.ts" path="/home/regina.leticia/Documentos/GitHub/exercicios-SOLID/src/RelatorioSimples.ts">
      <metrics statements="2" coveredstatements="2" conditionals="0" coveredconditionals="0" methods="1" coveredmethods="1"/>
      <line num="7" count="1" type="stmt"/>
      <line num="12" count="1" type="stmt"/>
    </file>
    <file name="SlackNotificador.ts" path="/home/regina.leticia/Documentos/GitHub/exercicios-SOLID/src/SlackNotificador.ts">
      <metrics statements="3" coveredstatements="3" conditionals="0" coveredconditionals="0" methods="1" coveredmethods="1"/>
      <line num="4" count="1" type="stmt"/>
      <line num="7" count="1" type="stmt"/>
      <line num="13" count="1" type="stmt"/>
    </file>
    <file name="Tarefa.ts" path="/home/regina.leticia/Documentos/GitHub/exercicios-SOLID/src/Tarefa.ts">
      <metrics statements="6" coveredstatements="6" conditionals="0" coveredconditionals="0" methods="3" coveredmethods="3"/>
      <line num="9" count="7" type="stmt"/>
      <line num="10" count="7" type="stmt"/>
      <line num="14" count="2" type="stmt"/>
      <line num="15" count="2" type="stmt"/>
      <line num="19" count="1" type="stmt"/>
      <line num="24" count="1" type="stmt"/>
    </file>
    <file name="WhatsAppNotificador.ts" path="/home/regina.leticia/Documentos/GitHub/exercicios-SOLID/src/WhatsAppNotificador.ts">
      <metrics statements="3" coveredstatements="3" conditionals="0" coveredconditionals="0" methods="1" coveredmethods="1"/>
      <line num="4" count="1" type="stmt"/>
      <line num="7" count="1" type="stmt"/>
      <line num="15" count="1" type="stmt"/>
    </file>
  </project>
</coverage>
