{"/home/regina.leticia/Documentos/GitHub/exercicios-SOLID/src/EmailNotificador.ts": {"path":"/home/regina.leticia/Documentos/GitHub/exercicios-SOLID/src/EmailNotificador.ts","statementMap":{"0":{"start":{"line":7,"column":8},"end":{"line":7,"column":93}},"1":{"start":{"line":4,"column":0},"end":{"line":4,"column":13}},"2":{"start":{"line":13,"column":0},"end":{"line":13,"column":32}}},"fnMap":{"0":{"name":"(anonymous_0)","decl":{"start":{"line":6,"column":4},"end":{"line":6,"column":22}},"loc":{"start":{"line":6,"column":37},"end":{"line":8,"column":5}}}},"branchMap":{},"s":{"0":1,"1":1,"2":1},"f":{"0":1},"b":{}}
,"/home/regina.leticia/Documentos/GitHub/exercicios-SOLID/src/GerenciadordeTarefas.ts": {"path":"/home/regina.leticia/Documentos/GitHub/exercicios-SOLID/src/GerenciadordeTarefas.ts","statementMap":{"0":{"start":{"line":7,"column":24},"end":{"line":7,"column":48}},"1":{"start":{"line":10,"column":8},"end":{"line":10,"column":38}},"2":{"start":{"line":11,"column":8},"end":{"line":11,"column":52}},"3":{"start":{"line":16,"column":0},"end":{"line":16,"column":36}}},"fnMap":{"0":{"name":"(anonymous_0)","decl":{"start":{"line":7,"column":4},"end":{"line":7,"column":24}},"loc":{"start":{"line":7,"column":48},"end":{"line":7,"column":51}}},"1":{"name":"(anonymous_1)","decl":{"start":{"line":9,"column":4},"end":{"line":9,"column":18}},"loc":{"start":{"line":9,"column":33},"end":{"line":12,"column":5}}}},"branchMap":{},"s":{"0":1,"1":1,"2":1,"3":1},"f":{"0":1,"1":1},"b":{}}
,"/home/regina.leticia/Documentos/GitHub/exercicios-SOLID/src/Notificador.ts": {"path":"/home/regina.leticia/Documentos/GitHub/exercicios-SOLID/src/Notificador.ts","statementMap":{"0":{"start":{"line":7,"column":8},"end":{"line":7,"column":62}},"1":{"start":{"line":12,"column":0},"end":{"line":12,"column":27}}},"fnMap":{"0":{"name":"(anonymous_0)","decl":{"start":{"line":6,"column":4},"end":{"line":6,"column":22}},"loc":{"start":{"line":6,"column":37},"end":{"line":8,"column":5}}}},"branchMap":{},"s":{"0":1,"1":1},"f":{"0":1},"b":{}}
,"/home/regina.leticia/Documentos/GitHub/exercicios-SOLID/src/RelatorioSimples.ts": {"path":"/home/regina.leticia/Documentos/GitHub/exercicios-SOLID/src/RelatorioSimples.ts","statementMap":{"0":{"start":{"line":7,"column":4},"end":{"line":7,"column":null}},"1":{"start":{"line":12,"column":0},"end":{"line":12,"column":32}}},"fnMap":{"0":{"name":"(anonymous_0)","decl":{"start":{"line":6,"column":3},"end":{"line":6,"column":8}},"loc":{"start":{"line":6,"column":23},"end":{"line":8,"column":4}}}},"branchMap":{},"s":{"0":1,"1":1},"f":{"0":1},"b":{}}
,"/home/regina.leticia/Documentos/GitHub/exercicios-SOLID/src/SlackNotificador.ts": {"path":"/home/regina.leticia/Documentos/GitHub/exercicios-SOLID/src/SlackNotificador.ts","statementMap":{"0":{"start":{"line":7,"column":8},"end":{"line":7,"column":94}},"1":{"start":{"line":4,"column":0},"end":{"line":4,"column":13}},"2":{"start":{"line":13,"column":0},"end":{"line":13,"column":32}}},"fnMap":{"0":{"name":"(anonymous_0)","decl":{"start":{"line":6,"column":4},"end":{"line":6,"column":22}},"loc":{"start":{"line":6,"column":37},"end":{"line":8,"column":5}}}},"branchMap":{},"s":{"0":1,"1":1,"2":1},"f":{"0":1},"b":{}}
,"/home/regina.leticia/Documentos/GitHub/exercicios-SOLID/src/Tarefa.ts": {"path":"/home/regina.leticia/Documentos/GitHub/exercicios-SOLID/src/Tarefa.ts","statementMap":{"0":{"start":{"line":9,"column":8},"end":{"line":9,"column":29}},"1":{"start":{"line":10,"column":8},"end":{"line":10,"column":29}},"2":{"start":{"line":14,"column":8},"end":{"line":14,"column":33}},"3":{"start":{"line":15,"column":8},"end":{"line":15,"column":20}},"4":{"start":{"line":19,"column":8},"end":{"line":19,"column":71}},"5":{"start":{"line":24,"column":0},"end":{"line":24,"column":22}}},"fnMap":{"0":{"name":"(anonymous_0)","decl":{"start":{"line":8,"column":4},"end":{"line":8,"column":16}},"loc":{"start":{"line":8,"column":46},"end":{"line":11,"column":5}}},"1":{"name":"(anonymous_1)","decl":{"start":{"line":13,"column":4},"end":{"line":13,"column":13}},"loc":{"start":{"line":13,"column":32},"end":{"line":16,"column":5}}},"2":{"name":"(anonymous_2)","decl":{"start":{"line":18,"column":4},"end":{"line":18,"column":10}},"loc":{"start":{"line":18,"column":10},"end":{"line":20,"column":5}}}},"branchMap":{},"s":{"0":7,"1":7,"2":2,"3":2,"4":1,"5":1},"f":{"0":7,"1":2,"2":1},"b":{}}
,"/home/regina.leticia/Documentos/GitHub/exercicios-SOLID/src/WhatsAppNotificador.ts": {"path":"/home/regina.leticia/Documentos/GitHub/exercicios-SOLID/src/WhatsAppNotificador.ts","statementMap":{"0":{"start":{"line":7,"column":8},"end":{"line":7,"column":65}},"1":{"start":{"line":4,"column":0},"end":{"line":4,"column":13}},"2":{"start":{"line":15,"column":0},"end":{"line":15,"column":35}}},"fnMap":{"0":{"name":"(anonymous_0)","decl":{"start":{"line":6,"column":4},"end":{"line":6,"column":22}},"loc":{"start":{"line":6,"column":37},"end":{"line":9,"column":5}}}},"branchMap":{},"s":{"0":1,"1":1,"2":1},"f":{"0":1},"b":{}}
}
